<?xml version="1.0" encoding="UTF-8"?>
<!-- Generated by org.testng.reporters.JUnitReportReporter -->
<testsuite hostname="DESKTOP-DOJ891E" failures="0" tests="9" name="UITestScript.login" time="32.630" errors="0" timestamp="2025-03-18T12:46:33 IST" skipped="0">
  <testcase classname="UITestScript.login" name="loginTest" time="4.670"/>
  <testcase classname="UITestScript.login" name="loginTest" time="2.987"/>
  <testcase classname="UITestScript.login" name="loginTest" time="2.905"/>
  <testcase classname="UITestScript.login" name="loginTest" time="5.580"/>
  <testcase classname="UITestScript.login" name="loginTest" time="2.656"/>
  <testcase classname="UITestScript.login" name="loginTest" time="2.892"/>
  <testcase classname="UITestScript.login" name="loginTest" time="6.265"/>
  <testcase classname="UITestScript.login" name="loginTest" time="2.313"/>
  <testcase classname="UITestScript.login" name="loginTest" time="2.362"/>
</testsuite> <!-- UITestScript.login -->
