<?xml version="1.0" encoding="UTF-8"?>
<!-- Generated by org.testng.reporters.JUnitReportReporter -->
<testsuite hostname="DESKTOP-DOJ891E" failures="0" tests="1" name="Authentication.Signup" time="29.947" errors="0" timestamp="2025-03-07T19:29:16 IST" skipped="0">
  <testcase classname="Authentication.Signup" name="signupTest" time="29.947"/>
</testsuite> <!-- Authentication.Signup -->
