<?xml version="1.0" encoding="UTF-8"?>
<!-- Generated by org.testng.reporters.JUnitReportReporter -->
<testsuite hostname="DESKTOP-DOJ891E" failures="0" tests="9" name="Authentication.login" time="0.115" errors="0" timestamp="2025-03-18T18:30:43 IST" skipped="0">
  <testcase classname="Authentication.login" name="loginTest" time="0.010"/>
  <testcase classname="Authentication.login" name="loginTest" time="0.011"/>
  <testcase classname="Authentication.login" name="loginTest" time="0.012"/>
  <testcase classname="Authentication.login" name="loginTest" time="0.013"/>
  <testcase classname="Authentication.login" name="loginTest" time="0.014"/>
  <testcase classname="Authentication.login" name="loginTest" time="0.011"/>
  <testcase classname="Authentication.login" name="loginTest" time="0.009"/>
  <testcase classname="Authentication.login" name="loginTest" time="0.024"/>
  <testcase classname="Authentication.login" name="loginTest" time="0.011"/>
</testsuite> <!-- Authentication.login -->
