<?xml version="1.0" encoding="UTF-8"?>
<!-- Generated by org.testng.reporters.JUnitReportReporter -->
<testsuite hostname="DESKTOP-DOJ891E" failures="0" tests="9" name="FunctionalTestScript.ProductDetailPage" time="5.041" errors="0" timestamp="2025-04-01T16:11:41 IST" skipped="0">
  <testcase classname="FunctionalTestScript.ProductDetailPage" name="verifyBrand" time="0.034"/>
  <testcase classname="FunctionalTestScript.ProductDetailPage" name="verifyProductPrice" time="0.027"/>
  <testcase classname="FunctionalTestScript.ProductDetailPage" name="verifyCondition" time="0.045"/>
  <testcase classname="FunctionalTestScript.ProductDetailPage" name="verifyQuantity" time="0.482"/>
  <testcase classname="FunctionalTestScript.ProductDetailPage" name="verifyProductCategory" time="0.042"/>
  <testcase classname="FunctionalTestScript.ProductDetailPage" name="verifyAvailability" time="0.052"/>
  <testcase classname="FunctionalTestScript.ProductDetailPage" name="navigation" time="1.575"/>
  <testcase classname="FunctionalTestScript.ProductDetailPage" name="verifyProductName" time="0.032"/>
  <testcase classname="FunctionalTestScript.ProductDetailPage" name="verifyAddToCart" time="2.752"/>
</testsuite> <!-- FunctionalTestScript.ProductDetailPage -->
