<?xml version="1.0" encoding="UTF-8"?>
<!-- Generated by org.testng.reporters.JUnitReportReporter -->
<testsuite hostname="DESKTOP-DOJ891E" failures="0" tests="11" name="FunctionalTestScript.HomePageTest" time="158.255" errors="0" timestamp="2025-04-01T16:11:41 IST" skipped="0">
  <testcase classname="FunctionalTestScript.HomePageTest" name="verifyHomePageTitle" time="0.024"/>
  <testcase classname="FunctionalTestScript.HomePageTest" name="verifyLogoPresence" time="0.275"/>
  <testcase classname="FunctionalTestScript.HomePageTest" name="verifyNavigationBar" time="0.196"/>
  <testcase classname="FunctionalTestScript.HomePageTest" name="verifyLoginButton" time="0.061"/>
  <testcase classname="FunctionalTestScript.HomePageTest" name="verifyProductButton" time="0.065"/>
  <testcase classname="FunctionalTestScript.HomePageTest" name="verifyCartButton" time="0.108"/>
  <testcase classname="FunctionalTestScript.HomePageTest" name="verifyContactusButton" time="0.145"/>
  <testcase classname="FunctionalTestScript.HomePageTest" name="verifySubscription" time="7.802"/>
  <testcase classname="FunctionalTestScript.HomePageTest" name="verifyScrolldownScrollup" time="148.755"/>
  <testcase classname="FunctionalTestScript.HomePageTest" name="verifyBannerScroll" time="0.281"/>
  <testcase classname="FunctionalTestScript.HomePageTest" name="verifyScrolldownToElement" time="0.543"/>
</testsuite> <!-- FunctionalTestScript.HomePageTest -->
