<?xml version="1.0" encoding="UTF-8"?>
<!-- Generated by org.testng.reporters.JUnitReportReporter -->
<testsuite hostname="DESKTOP-DOJ891E" failures="0" tests="2" name="FunctionalTestScript.logout" time="16.884" errors="0" timestamp="2025-03-18T18:50:02 IST" skipped="0">
  <testcase classname="FunctionalTestScript.logout" name="loginTest" time="14.436"/>
  <testcase classname="FunctionalTestScript.logout" name="logoutTest" time="2.448"/>
</testsuite> <!-- FunctionalTestScript.logout -->
