<?xml version="1.0" encoding="UTF-8"?>
<!-- Generated by org.testng.reporters.JUnitReportReporter -->
<testsuite hostname="DESKTOP-DOJ891E" failures="0" tests="9" name="FunctionalTestScript.login" time="52.286" errors="0" timestamp="2025-03-18T18:15:01 IST" skipped="0">
  <testcase classname="FunctionalTestScript.login" name="loginTest" time="2.225"/>
  <testcase classname="FunctionalTestScript.login" name="loginTest" time="6.818"/>
  <testcase classname="FunctionalTestScript.login" name="loginTest" time="6.209"/>
  <testcase classname="FunctionalTestScript.login" name="loginTest" time="4.661"/>
  <testcase classname="FunctionalTestScript.login" name="loginTest" time="8.087"/>
  <testcase classname="FunctionalTestScript.login" name="loginTest" time="8.516"/>
  <testcase classname="FunctionalTestScript.login" name="loginTest" time="4.920"/>
  <testcase classname="FunctionalTestScript.login" name="loginTest" time="6.180"/>
  <testcase classname="FunctionalTestScript.login" name="loginTest" time="4.670"/>
</testsuite> <!-- FunctionalTestScript.login -->
