<?xml version="1.0" encoding="UTF-8"?>
<!-- Generated by org.testng.reporters.JUnitReportReporter -->
<testsuite hostname="DESKTOP-DOJ891E" failures="0" tests="1" name="LoginLogoutTestScript.logout" time="1.785" errors="0" timestamp="2025-03-18T18:30:43 IST" skipped="0">
  <testcase classname="LoginLogoutTestScript.logout" name="logoutTest" time="1.785"/>
</testsuite> <!-- LoginLogoutTestScript.logout -->
