<?xml version="1.0" encoding="UTF-8"?>
<!-- Generated by org.testng.reporters.JUnitReportReporter -->
<testsuite hostname="DESKTOP-DOJ891E" failures="0" tests="6" name="UI.DataProvideFetchData" time="0.040" errors="0" timestamp="2025-03-01T18:32:35 IST" skipped="0">
  <testcase classname="UI.DataProvideFetchData" name="test" time="0.004"/>
  <testcase classname="UI.DataProvideFetchData" name="test" time="0.021"/>
  <testcase classname="UI.DataProvideFetchData" name="test1" time="0.001"/>
  <testcase classname="UI.DataProvideFetchData" name="test" time="0.006"/>
  <testcase classname="UI.DataProvideFetchData" name="test1" time="0.005"/>
  <testcase classname="UI.DataProvideFetchData" name="test1" time="0.003"/>
</testsuite> <!-- UI.DataProvideFetchData -->
