<?xml version="1.0" encoding="UTF-8"?>
<!-- Generated by org.testng.reporters.JUnitReportReporter -->
<testsuite hostname="DESKTOP-DOJ891E" failures="0" tests="6" name="UI.LoginRealScenarioTest" time="39.897" errors="0" timestamp="2025-03-01T17:51:17 IST" skipped="0">
  <testcase classname="UI.LoginRealScenarioTest" name="test" time="4.572"/>
  <testcase classname="UI.LoginRealScenarioTest" name="test" time="4.334"/>
  <testcase classname="UI.LoginRealScenarioTest" name="test" time="4.050"/>
  <testcase classname="UI.LoginRealScenarioTest" name="test" time="3.918"/>
  <testcase classname="UI.LoginRealScenarioTest" name="test" time="4.485"/>
  <testcase classname="UI.LoginRealScenarioTest" name="test" time="18.538"/>
</testsuite> <!-- UI.LoginRealScenarioTest -->
