<?xml version="1.0" encoding="UTF-8"?>
<!-- Generated by org.testng.reporters.JUnitReportReporter -->
<testsuite hostname="DESKTOP-DOJ891E" failures="0" tests="4" name="UI.GroupDemoTest2" time="0.020" errors="0" timestamp="2025-02-28T17:51:51 IST" skipped="0">
  <testcase classname="UI.GroupDemoTest2" name="atest" time="0.012"/>
  <testcase classname="UI.GroupDemoTest2" name="btest" time="0.003"/>
  <testcase classname="UI.GroupDemoTest2" name="login" time="0.003"/>
  <testcase classname="UI.GroupDemoTest2" name="logout" time="0.002"/>
</testsuite> <!-- UI.GroupDemoTest2 -->
