<?xml version="1.0" encoding="UTF-8"?>
<!-- Generated by org.testng.reporters.JUnitReportReporter -->
<testsuite hostname="DESKTOP-DOJ891E" failures="0" tests="3" name="UI.SkipTestDemo" time="0.023" errors="0" timestamp="2025-03-19T19:18:37 IST" skipped="3">
  <testcase classname="UI.SkipTestDemo" name="skip3" time="0.003">
    <skipped/>
  </testcase> <!-- skip3 -->
  <testcase classname="UI.SkipTestDemo" name="skip2" time="0.020">
    <skipped/>
  </testcase> <!-- skip2 -->
  <testcase classname="UI.SkipTestDemo" name="skip1">
    <skipped/>
  </testcase> <!-- skip1 -->
</testsuite> <!-- UI.SkipTestDemo -->
