<?xml version="1.0" encoding="UTF-8"?>
<!-- Generated by org.testng.reporters.JUnitReportReporter -->
<testsuite hostname="DESKTOP-DOJ891E" failures="0" tests="1" name="UI.VerifyTitleTest" time="11.087" errors="0" timestamp="2025-03-03T18:09:55 IST" skipped="0">
  <testcase classname="UI.VerifyTitleTest" name="titleTest" time="11.087"/>
</testsuite> <!-- UI.VerifyTitleTest -->
