<?xml version="1.0" encoding="UTF-8"?>
<!-- Generated by org.testng.reporters.JUnitReportReporter -->
<testsuite hostname="DESKTOP-DOJ891E" failures="0" tests="6" name="UI.DataProviderDemo" time="0.040" errors="0" timestamp="2025-02-28T19:08:00 IST" skipped="0">
  <testcase classname="UI.DataProviderDemo" name="test" time="0.018"/>
  <testcase classname="UI.DataProviderDemo" name="test1" time="0.005"/>
  <testcase classname="UI.DataProviderDemo" name="test" time="0.002"/>
  <testcase classname="UI.DataProviderDemo" name="test1" time="0.008"/>
  <testcase classname="UI.DataProviderDemo" name="test" time="0.002"/>
  <testcase classname="UI.DataProviderDemo" name="test1" time="0.005"/>
</testsuite> <!-- UI.DataProviderDemo -->
