<?xml version="1.0" encoding="UTF-8"?>
<!-- Generated by org.testng.reporters.JUnitReportReporter -->
<testsuite hostname="DESKTOP-DOJ891E" failures="0" tests="1" name="UI.VerifyTitleTest" time="10.498" errors="0" timestamp="2025-02-28T18:03:17 IST" skipped="0">
  <testcase classname="UI.VerifyTitleTest" name="titleTest" time="10.498"/>
</testsuite> <!-- UI.VerifyTitleTest -->
