<?xml version="1.0" encoding="UTF-8"?>
<!-- Generated by org.testng.reporters.JUnitReportReporter -->
<testsuite hostname="DESKTOP-DOJ891E" failures="0" tests="4" name="UI.GroupDemoTest" time="0.008" errors="0" timestamp="2025-02-28T18:03:17 IST" skipped="0">
  <testcase classname="UI.GroupDemoTest" name="btest" time="0.002"/>
  <testcase classname="UI.GroupDemoTest" name="atest" time="0.002"/>
  <testcase classname="UI.GroupDemoTest" name="login" time="0.003"/>
  <testcase classname="UI.GroupDemoTest" name="logout" time="0.001"/>
</testsuite> <!-- UI.GroupDemoTest -->
