<?xml version="1.0" encoding="UTF-8"?>
<!-- Generated by org.testng.reporters.JUnitReportReporter -->
<testsuite hostname="DESKTOP-DOJ891E" failures="0" tests="6" name="UI.DataProvideFetchData" time="0.060" errors="0" timestamp="2025-03-02T18:39:37 IST" skipped="0">
  <testcase classname="UI.DataProvideFetchData" name="test" time="0.003"/>
  <testcase classname="UI.DataProvideFetchData" name="test" time="0.018"/>
  <testcase classname="UI.DataProvideFetchData" name="test1" time="0.007"/>
  <testcase classname="UI.DataProvideFetchData" name="test" time="0.003"/>
  <testcase classname="UI.DataProvideFetchData" name="test1" time="0.017"/>
  <testcase classname="UI.DataProvideFetchData" name="test1" time="0.012"/>
</testsuite> <!-- UI.DataProvideFetchData -->
