<?xml version="1.0" encoding="UTF-8"?>
<!-- Generated by org.testng.reporters.JUnitReportReporter -->
<testsuite hostname="DESKTOP-DOJ891E" failures="0" tests="2" name="UI.LoginTest" time="0.008" errors="0" timestamp="2025-03-03T18:09:55 IST" skipped="0">
  <testcase classname="UI.LoginTest" name="login" time="0.005"/>
  <testcase classname="UI.LoginTest" name="logout" time="0.003"/>
</testsuite> <!-- UI.LoginTest -->
