<?xml version="1.0" encoding="UTF-8"?>
<!-- Generated by org.testng.reporters.JUnitReportReporter -->
<testsuite hostname="DESKTOP-DOJ891E" failures="0" tests="1" name="UI.VerifyTitleTest" time="12.414" errors="0" timestamp="2025-03-19T18:44:11 IST" skipped="0">
  <testcase classname="UI.VerifyTitleTest" name="titleTest" time="12.414"/>
</testsuite> <!-- UI.VerifyTitleTest -->
