<?xml version="1.0" encoding="UTF-8"?>
<!-- Generated by org.testng.reporters.JUnitReportReporter -->
<testsuite hostname="DESKTOP-DOJ891E" failures="0" tests="4" name="UI.GroupDemoTest" time="0.025" errors="0" timestamp="2025-03-03T18:09:55 IST" skipped="0">
  <testcase classname="UI.GroupDemoTest" name="atest" time="0.009"/>
  <testcase classname="UI.GroupDemoTest" name="btest" time="0.003"/>
  <testcase classname="UI.GroupDemoTest" name="login" time="0.009"/>
  <testcase classname="UI.GroupDemoTest" name="logout" time="0.004"/>
</testsuite> <!-- UI.GroupDemoTest -->
